<?xml version="1.0" encoding="utf-8"?><testsuites name="pytest tests"><testsuite name="pytest" errors="0" failures="3" skipped="0" tests="40" time="35.172" timestamp="2026-06-27T05:17:46.882191+00:00" hostname="agent-env-2b833b10-ae63-4843-8e7e-bedc6153e2c8"><testcase classname="backend.tests.test_aria_chat" name="test_aria_chat_streams_and_ends" time="1.872"><failure message="AssertionError: Aria stream error: {&#10;  &quot;error&quot;: {&#10;    &quot;code&quot;: 401,&#10;    &quot;message&quot;: &quot;Request had invalid authentication credentials. Expected OAuth 2 access token, login cookie or other valid authentication credential. See https://developers.google.com/identity/sign-in/web/devconsole-project.&quot;,&#10;    &quot;status&quot;: &quot;UNAUTHENTICATED&quot;,&#10;    &quot;details&quot;: [&#10;      {&#10;        &quot;@type&quot;: &quot;type.googleapis.com/google.rpc.ErrorInfo&quot;,&#10;        &quot;reason&quot;: &quot;ACC">backend/tests/test_aria_chat.py:42: in test_aria_chat_streams_and_ends
    raise AssertionError(f"Aria stream error: {obj['error']}")
E   AssertionError: Aria stream error: {
E     "error": {
E       "code": 401,
E       "message": "Request had invalid authentication credentials. Expected OAuth 2 access token, login cookie or other valid authentication credential. See https://developers.google.com/identity/sign-in/web/devconsole-project.",
E       "status": "UNAUTHENTICATED",
E       "details": [
E         {
E           "@type": "type.googleapis.com/google.rpc.ErrorInfo",
E           "reason": "ACC</failure></testcase><testcase classname="backend.tests.test_notify_triggers.TestStatus" name="test_status_shape" time="0.104"><failure message="assert False is True">backend/tests/test_notify_triggers.py:79: in test_status_shape
    assert d["whatsapp_configured"] is True
E   assert False is True</failure></testcase><testcase classname="backend.tests.test_notify_triggers.TestLeadSubmitted" name="test_lead_submitted_public_no_auth" time="0.324" /><testcase classname="backend.tests.test_notify_triggers.TestAuthGating" name="test_order_placed_no_auth_returns_401" time="0.100" /><testcase classname="backend.tests.test_notify_triggers.TestAuthGating" name="test_order_placed_client_returns_403" time="2.226" /><testcase classname="backend.tests.test_notify_triggers.TestAdminTriggers" name="test_order_placed_admin" time="2.328" /><testcase classname="backend.tests.test_notify_triggers.TestAdminTriggers" name="test_doc_approved_admin" time="0.928" /><testcase classname="backend.tests.test_notify_triggers.TestAdminTriggers" name="test_doc_rejected_admin" time="1.306" /><testcase classname="backend.tests.test_notify_triggers.TestAdminTriggers" name="test_appointment_scheduled_admin" time="0.917" /><testcase classname="backend.tests.test_notify_triggers.TestAdminTriggers" name="test_renewal_reminder_admin" time="0.881" /><testcase classname="backend.tests.test_notify_triggers.TestAdminTriggers" name="test_founder_club_admin" time="1.118" /><testcase classname="backend.tests.test_notify_triggers.TestRegression" name="test_root" time="0.122" /><testcase classname="backend.tests.test_notify_triggers.TestRegression" name="test_ocr_types" time="0.091" /><testcase classname="backend.tests.test_notify_triggers.TestRegression" name="test_payments_currencies" time="0.265" /><testcase classname="backend.tests.test_notify_triggers.TestRegression" name="test_lifecycle_steps" time="0.100" /><testcase classname="backend.tests.test_notify_triggers.TestRegression" name="test_golden_visa_pdf" time="0.122" /><testcase classname="backend.tests.test_notify_triggers.TestAutoFire" name="test_golden_visa_lead_returns_200" time="0.904" /><testcase classname="backend.tests.test_smartsetup_backend.TestHealth" name="test_root" time="0.097" /><testcase classname="backend.tests.test_smartsetup_backend.TestOCR" name="test_types" time="0.130" /><testcase classname="backend.tests.test_smartsetup_backend.TestOCR" name="test_parse_invalid_empty_image" time="0.094" /><testcase classname="backend.tests.test_smartsetup_backend.TestOCR" name="test_parse_invalid_doctype" time="0.099" /><testcase classname="backend.tests.test_smartsetup_backend.TestOCR" name="test_parse_invalid_mime" time="0.104" /><testcase classname="backend.tests.test_smartsetup_backend.TestOCR" name="test_parse_real_image_shape" time="0.189"><failure message="AssertionError: OCR call failed: 502 &lt;!DOCTYPE html&gt;&#10;  &lt;!--[if lt IE 7]&gt; &lt;html class=&quot;no-js ie6 oldie&quot; lang=&quot;en-US&quot;&gt; &lt;![endif]--&gt;&#10;  &lt;!--[if IE 7]&gt;    &lt;html class=&quot;no-js ie7 oldie&quot; lang=&quot;en-US&quot;&gt; &lt;![endif]--&gt;&#10;  &lt;!--[if IE 8]&gt;    &lt;html class=&quot;no-js ie8 oldie&quot; lang=&quot;en-US&quot;&gt; &lt;![endif]--&gt;&#10;  &lt;!--[if gt IE 8]&gt;&lt;!--&gt; &lt;html class=&quot;no-js&quot; lang=&quot;en-US&quot;&gt; &lt;!--&lt;![endif]--&gt;&#10;  &lt;head&gt;&#10;  &#10;  &lt;title&gt;preview.emergentagent.com | 502: Bad gateway&lt;/title&gt;&#10;  &lt;meta charset=&quot;UT&#10;assert 502 == 200&#10; +  where 502 = &lt;Response [502]&gt;.status_code">backend/tests/test_smartsetup_backend.py:108: in test_parse_real_image_shape
    assert r.status_code == 200, f"OCR call failed: {r.status_code} {r.text[:400]}"
E   AssertionError: OCR call failed: 502 &lt;!DOCTYPE html&gt;
E     &lt;!--[if lt IE 7]&gt; &lt;html class="no-js ie6 oldie" lang="en-US"&gt; &lt;![endif]--&gt;
E     &lt;!--[if IE 7]&gt;    &lt;html class="no-js ie7 oldie" lang="en-US"&gt; &lt;![endif]--&gt;
E     &lt;!--[if IE 8]&gt;    &lt;html class="no-js ie8 oldie" lang="en-US"&gt; &lt;![endif]--&gt;
E     &lt;!--[if gt IE 8]&gt;&lt;!--&gt; &lt;html class="no-js" lang="en-US"&gt; &lt;!--&lt;![endif]--&gt;
E     &lt;head&gt;
E     
E     &lt;title&gt;preview.emergentagent.com | 502: Bad gateway&lt;/title&gt;
E     &lt;meta charset="UT
E   assert 502 == 200
E    +  where 502 = &lt;Response [502]&gt;.status_code</failure></testcase><testcase classname="backend.tests.test_smartsetup_backend.TestPayments" name="test_currencies" time="0.092" /><testcase classname="backend.tests.test_smartsetup_backend.TestPayments" name="test_create_checkout_session" time="0.801" /><testcase classname="backend.tests.test_smartsetup_backend.TestLifecycle" name="test_steps_definition" time="0.097" /><testcase classname="backend.tests.test_smartsetup_backend.TestLifecycle" name="test_progress_no_auth" time="0.101" /><testcase classname="backend.tests.test_smartsetup_backend.TestLifecycle" name="test_progress_with_client" time="1.121" /><testcase classname="backend.tests.test_smartsetup_backend.TestLifecycle" name="test_appointments" time="0.749" /><testcase classname="backend.tests.test_smartsetup_backend.TestLifecycle" name="test_profile" time="1.143" /><testcase classname="backend.tests.test_smartsetup_backend.TestLifecycle" name="test_vault" time="0.790" /><testcase classname="backend.tests.test_smartsetup_backend.TestLifecycle" name="test_compliance" time="0.745" /><testcase classname="backend.tests.test_smartsetup_backend.TestLifecycle" name="test_renewals" time="0.738" /><testcase classname="backend.tests.test_smartsetup_backend.TestLifecycle" name="test_golden_visa_lead_valid" time="0.616" /><testcase classname="backend.tests.test_smartsetup_backend.TestLifecycle" name="test_golden_visa_lead_missing_fields" time="0.101" /><testcase classname="backend.tests.test_smartsetup_backend.TestAdmin" name="test_stats_no_token" time="0.092" /><testcase classname="backend.tests.test_smartsetup_backend.TestAdmin" name="test_stats_client_forbidden" time="0.684" /><testcase classname="backend.tests.test_smartsetup_backend.TestAdmin" name="test_stats_admin_ok" time="3.468" /><testcase classname="backend.tests.test_smartsetup_backend.TestAdmin" name="test_admin_users" time="0.963" /><testcase classname="backend.tests.test_smartsetup_backend.TestAdmin" name="test_seed_then_cleanup" time="8.332" /></testsuite></testsuites>